<?xml version="1.0" encoding="UTF-8"?>
<!-- Generated by org.testng.reporters.JUnitReportReporter -->
<testsuite hostname="3d7aacf1898b547" failures="0" tests="2" name="ustbatchno3.TestNG.testcustomer" time="0.021" errors="0" timestamp="2023-03-13T22:29:43 IST" skipped="0">
  <testcase classname="ustbatchno3.TestNG.testcustomer" name="customertest2" time="0.002"/>
  <system-out/>
  <testcase classname="ustbatchno3.TestNG.testcustomer" name="customertest1" time="0.019"/>
  <system-out/>
</testsuite> <!-- ustbatchno3.TestNG.testcustomer -->
