<?xml version="1.0" encoding="UTF-8"?>
<!-- Generated by org.testng.reporters.JUnitReportReporter -->
<testsuite hostname="3d7aacf1898b547" failures="0" tests="1" name="ustbatchno3.TestNG.classEmployeetest" time="0.022" errors="0" timestamp="2023-03-13T10:51:27 IST" skipped="0">
  <testcase classname="ustbatchno3.TestNG.classEmployeetest" name="testemployee" time="0.022"/>
  <system-out/>
</testsuite> <!-- ustbatchno3.TestNG.classEmployeetest -->
